[2016-08-23 05:56:19] local.ERROR: exception 'ErrorException' with message 'file_put_contents(F:\xampp-installation\htdocs\beer\bootstrap/cache/services.php): failed to open stream: No such file or directory' in F:\xampp-installation\htdocs\beer\vendor\laravel\framework\src\Illuminate\Filesystem\Filesystem.php:111
Stack trace:
#0 [internal function]: Illuminate\Foundation\Bootstrap\HandleExceptions->handleError(2, 'file_put_conten...', 'F:\\xampp-instal...', 111, Array)
#1 F:\xampp-installation\htdocs\beer\vendor\laravel\framework\src\Illuminate\Filesystem\Filesystem.php(111): file_put_contents('F:\\xampp-instal...', '<?php return ar...', 0)
#2 F:\xampp-installation\htdocs\beer\vendor\laravel\framework\src\Illuminate\Foundation\ProviderRepository.php(190): Illuminate\Filesystem\Filesystem->put('F:\\xampp-instal...', '<?php return ar...')
#3 F:\xampp-installation\htdocs\beer\vendor\laravel\framework\src\Illuminate\Foundation\ProviderRepository.php(135): Illuminate\Foundation\ProviderRepository->writeManifest(Array)
#4 F:\xampp-installation\htdocs\beer\vendor\laravel\framework\src\Illuminate\Foundation\ProviderRepository.php(60): Illuminate\Foundation\ProviderRepository->compileManifest(Array)
#5 F:\xampp-installation\htdocs\beer\vendor\laravel\framework\src\Illuminate\Foundation\Application.php(530): Illuminate\Foundation\ProviderRepository->load(Array)
#6 F:\xampp-installation\htdocs\beer\vendor\laravel\framework\src\Illuminate\Foundation\Bootstrap\RegisterProviders.php(17): Illuminate\Foundation\Application->registerConfiguredProviders()
#7 F:\xampp-installation\htdocs\beer\vendor\laravel\framework\src\Illuminate\Foundation\Application.php(203): Illuminate\Foundation\Bootstrap\RegisterProviders->bootstrap(Object(Illuminate\Foundation\Application))
#8 F:\xampp-installation\htdocs\beer\vendor\laravel\framework\src\Illuminate\Foundation\Console\Kernel.php(219): Illuminate\Foundation\Application->bootstrapWith(Array)
#9 F:\xampp-installation\htdocs\beer\vendor\laravel\framework\src\Illuminate\Foundation\Console\Kernel.php(105): Illuminate\Foundation\Console\Kernel->bootstrap()
#10 F:\xampp-installation\htdocs\beer\artisan(36): Illuminate\Foundation\Console\Kernel->handle(Object(Symfony\Component\Console\Input\ArgvInput), Object(Symfony\Component\Console\Output\ConsoleOutput))
#11 {main}  
[2016-08-23 05:58:19] local.ERROR: exception 'ErrorException' with message 'file_put_contents(F:\xampp-installation\htdocs\beer\bootstrap/cache/services.php): failed to open stream: No such file or directory' in F:\xampp-installation\htdocs\beer\vendor\laravel\framework\src\Illuminate\Filesystem\Filesystem.php:111
Stack trace:
#0 [internal function]: Illuminate\Foundation\Bootstrap\HandleExceptions->handleError(2, 'file_put_conten...', 'F:\\xampp-instal...', 111, Array)
#1 F:\xampp-installation\htdocs\beer\vendor\laravel\framework\src\Illuminate\Filesystem\Filesystem.php(111): file_put_contents('F:\\xampp-instal...', '<?php return ar...', 0)
#2 F:\xampp-installation\htdocs\beer\vendor\laravel\framework\src\Illuminate\Foundation\ProviderRepository.php(190): Illuminate\Filesystem\Filesystem->put('F:\\xampp-instal...', '<?php return ar...')
#3 F:\xampp-installation\htdocs\beer\vendor\laravel\framework\src\Illuminate\Foundation\ProviderRepository.php(135): Illuminate\Foundation\ProviderRepository->writeManifest(Array)
#4 F:\xampp-installation\htdocs\beer\vendor\laravel\framework\src\Illuminate\Foundation\ProviderRepository.php(60): Illuminate\Foundation\ProviderRepository->compileManifest(Array)
#5 F:\xampp-installation\htdocs\beer\vendor\laravel\framework\src\Illuminate\Foundation\Application.php(530): Illuminate\Foundation\ProviderRepository->load(Array)
#6 F:\xampp-installation\htdocs\beer\vendor\laravel\framework\src\Illuminate\Foundation\Bootstrap\RegisterProviders.php(17): Illuminate\Foundation\Application->registerConfiguredProviders()
#7 F:\xampp-installation\htdocs\beer\vendor\laravel\framework\src\Illuminate\Foundation\Application.php(203): Illuminate\Foundation\Bootstrap\RegisterProviders->bootstrap(Object(Illuminate\Foundation\Application))
#8 F:\xampp-installation\htdocs\beer\vendor\laravel\framework\src\Illuminate\Foundation\Console\Kernel.php(219): Illuminate\Foundation\Application->bootstrapWith(Array)
#9 F:\xampp-installation\htdocs\beer\vendor\laravel\framework\src\Illuminate\Foundation\Console\Kernel.php(105): Illuminate\Foundation\Console\Kernel->bootstrap()
#10 F:\xampp-installation\htdocs\beer\artisan(36): Illuminate\Foundation\Console\Kernel->handle(Object(Symfony\Component\Console\Input\ArgvInput), Object(Symfony\Component\Console\Output\ConsoleOutput))
#11 {main}  
[2016-08-23 05:59:30] local.ERROR: exception 'ErrorException' with message 'file_put_contents(F:\xampp-installation\htdocs\beer\bootstrap/cache/services.php): failed to open stream: No such file or directory' in F:\xampp-installation\htdocs\beer\vendor\laravel\framework\src\Illuminate\Filesystem\Filesystem.php:111
Stack trace:
#0 [internal function]: Illuminate\Foundation\Bootstrap\HandleExceptions->handleError(2, 'file_put_conten...', 'F:\\xampp-instal...', 111, Array)
#1 F:\xampp-installation\htdocs\beer\vendor\laravel\framework\src\Illuminate\Filesystem\Filesystem.php(111): file_put_contents('F:\\xampp-instal...', '<?php return ar...', 0)
#2 F:\xampp-installation\htdocs\beer\vendor\laravel\framework\src\Illuminate\Foundation\ProviderRepository.php(190): Illuminate\Filesystem\Filesystem->put('F:\\xampp-instal...', '<?php return ar...')
#3 F:\xampp-installation\htdocs\beer\vendor\laravel\framework\src\Illuminate\Foundation\ProviderRepository.php(135): Illuminate\Foundation\ProviderRepository->writeManifest(Array)
#4 F:\xampp-installation\htdocs\beer\vendor\laravel\framework\src\Illuminate\Foundation\ProviderRepository.php(60): Illuminate\Foundation\ProviderRepository->compileManifest(Array)
#5 F:\xampp-installation\htdocs\beer\vendor\laravel\framework\src\Illuminate\Foundation\Application.php(530): Illuminate\Foundation\ProviderRepository->load(Array)
#6 F:\xampp-installation\htdocs\beer\vendor\laravel\framework\src\Illuminate\Foundation\Bootstrap\RegisterProviders.php(17): Illuminate\Foundation\Application->registerConfiguredProviders()
#7 F:\xampp-installation\htdocs\beer\vendor\laravel\framework\src\Illuminate\Foundation\Application.php(203): Illuminate\Foundation\Bootstrap\RegisterProviders->bootstrap(Object(Illuminate\Foundation\Application))
#8 F:\xampp-installation\htdocs\beer\vendor\laravel\framework\src\Illuminate\Foundation\Console\Kernel.php(219): Illuminate\Foundation\Application->bootstrapWith(Array)
#9 F:\xampp-installation\htdocs\beer\vendor\laravel\framework\src\Illuminate\Foundation\Console\Kernel.php(105): Illuminate\Foundation\Console\Kernel->bootstrap()
#10 F:\xampp-installation\htdocs\beer\artisan(36): Illuminate\Foundation\Console\Kernel->handle(Object(Symfony\Component\Console\Input\ArgvInput), Object(Symfony\Component\Console\Output\ConsoleOutput))
#11 {main}  
[2016-08-23 06:00:07] local.ERROR: exception 'ErrorException' with message 'file_put_contents(F:\xampp-installation\htdocs\beer\bootstrap/cache/services.php): failed to open stream: No such file or directory' in F:\xampp-installation\htdocs\beer\vendor\laravel\framework\src\Illuminate\Filesystem\Filesystem.php:111
Stack trace:
#0 [internal function]: Illuminate\Foundation\Bootstrap\HandleExceptions->handleError(2, 'file_put_conten...', 'F:\\xampp-instal...', 111, Array)
#1 F:\xampp-installation\htdocs\beer\vendor\laravel\framework\src\Illuminate\Filesystem\Filesystem.php(111): file_put_contents('F:\\xampp-instal...', '<?php return ar...', 0)
#2 F:\xampp-installation\htdocs\beer\vendor\laravel\framework\src\Illuminate\Foundation\ProviderRepository.php(190): Illuminate\Filesystem\Filesystem->put('F:\\xampp-instal...', '<?php return ar...')
#3 F:\xampp-installation\htdocs\beer\vendor\laravel\framework\src\Illuminate\Foundation\ProviderRepository.php(135): Illuminate\Foundation\ProviderRepository->writeManifest(Array)
#4 F:\xampp-installation\htdocs\beer\vendor\laravel\framework\src\Illuminate\Foundation\ProviderRepository.php(60): Illuminate\Foundation\ProviderRepository->compileManifest(Array)
#5 F:\xampp-installation\htdocs\beer\vendor\laravel\framework\src\Illuminate\Foundation\Application.php(530): Illuminate\Foundation\ProviderRepository->load(Array)
#6 F:\xampp-installation\htdocs\beer\vendor\laravel\framework\src\Illuminate\Foundation\Bootstrap\RegisterProviders.php(17): Illuminate\Foundation\Application->registerConfiguredProviders()
#7 F:\xampp-installation\htdocs\beer\vendor\laravel\framework\src\Illuminate\Foundation\Application.php(203): Illuminate\Foundation\Bootstrap\RegisterProviders->bootstrap(Object(Illuminate\Foundation\Application))
#8 F:\xampp-installation\htdocs\beer\vendor\laravel\framework\src\Illuminate\Foundation\Console\Kernel.php(219): Illuminate\Foundation\Application->bootstrapWith(Array)
#9 F:\xampp-installation\htdocs\beer\vendor\laravel\framework\src\Illuminate\Foundation\Console\Kernel.php(105): Illuminate\Foundation\Console\Kernel->bootstrap()
#10 F:\xampp-installation\htdocs\beer\artisan(36): Illuminate\Foundation\Console\Kernel->handle(Object(Symfony\Component\Console\Input\ArgvInput), Object(Symfony\Component\Console\Output\ConsoleOutput))
#11 {main}  
[2016-08-23 06:15:41] local.ERROR: exception 'ReflectionException' with message 'Class database\seeds\BearAppSeeder does not exist' in F:\xampp-installation\htdocs\beer\vendor\laravel\framework\src\Illuminate\Container\Container.php:734
Stack trace:
#0 F:\xampp-installation\htdocs\beer\vendor\laravel\framework\src\Illuminate\Container\Container.php(734): ReflectionClass->__construct('database\\seeds\\...')
#1 F:\xampp-installation\htdocs\beer\vendor\laravel\framework\src\Illuminate\Container\Container.php(629): Illuminate\Container\Container->build('database\\seeds\\...', Array)
#2 F:\xampp-installation\htdocs\beer\vendor\laravel\framework\src\Illuminate\Foundation\Application.php(697): Illuminate\Container\Container->make('database\\seeds\\...', Array)
#3 F:\xampp-installation\htdocs\beer\vendor\laravel\framework\src\Illuminate\Database\Seeder.php(55): Illuminate\Foundation\Application->make('database\\seeds\\...')
#4 F:\xampp-installation\htdocs\beer\vendor\laravel\framework\src\Illuminate\Database\Seeder.php(39): Illuminate\Database\Seeder->resolve('database\\seeds\\...')
#5 F:\xampp-installation\htdocs\beer\database\seeds\DatabaseSeeder.php(16): Illuminate\Database\Seeder->call('database\\seeds\\...')
#6 F:\xampp-installation\htdocs\beer\vendor\laravel\framework\src\Illuminate\Database\Console\Seeds\SeedCommand.php(63): DatabaseSeeder->run()
#7 F:\xampp-installation\htdocs\beer\vendor\laravel\framework\src\Illuminate\Database\Eloquent\Model.php(2312): Illuminate\Database\Console\Seeds\SeedCommand->Illuminate\Database\Console\Seeds\{closure}()
#8 F:\xampp-installation\htdocs\beer\vendor\laravel\framework\src\Illuminate\Database\Console\Seeds\SeedCommand.php(64): Illuminate\Database\Eloquent\Model::unguarded(Object(Closure))
#9 [internal function]: Illuminate\Database\Console\Seeds\SeedCommand->fire()
#10 F:\xampp-installation\htdocs\beer\vendor\laravel\framework\src\Illuminate\Container\Container.php(507): call_user_func_array(Array, Array)
#11 F:\xampp-installation\htdocs\beer\vendor\laravel\framework\src\Illuminate\Console\Command.php(169): Illuminate\Container\Container->call(Array)
#12 F:\xampp-installation\htdocs\beer\vendor\symfony\console\Command\Command.php(256): Illuminate\Console\Command->execute(Object(Symfony\Component\Console\Input\ArgvInput), Object(Symfony\Component\Console\Output\ConsoleOutput))
#13 F:\xampp-installation\htdocs\beer\vendor\laravel\framework\src\Illuminate\Console\Command.php(155): Symfony\Component\Console\Command\Command->run(Object(Symfony\Component\Console\Input\ArgvInput), Object(Symfony\Component\Console\Output\ConsoleOutput))
#14 F:\xampp-installation\htdocs\beer\vendor\symfony\console\Application.php(794): Illuminate\Console\Command->run(Object(Symfony\Component\Console\Input\ArgvInput), Object(Symfony\Component\Console\Output\ConsoleOutput))
#15 F:\xampp-installation\htdocs\beer\vendor\symfony\console\Application.php(186): Symfony\Component\Console\Application->doRunCommand(Object(Illuminate\Database\Console\Seeds\SeedCommand), Object(Symfony\Component\Console\Input\ArgvInput), Object(Symfony\Component\Console\Output\ConsoleOutput))
#16 F:\xampp-installation\htdocs\beer\vendor\symfony\console\Application.php(117): Symfony\Component\Console\Application->doRun(Object(Symfony\Component\Console\Input\ArgvInput), Object(Symfony\Component\Console\Output\ConsoleOutput))
#17 F:\xampp-installation\htdocs\beer\vendor\laravel\framework\src\Illuminate\Foundation\Console\Kernel.php(107): Symfony\Component\Console\Application->run(Object(Symfony\Component\Console\Input\ArgvInput), Object(Symfony\Component\Console\Output\ConsoleOutput))
#18 F:\xampp-installation\htdocs\beer\artisan(36): Illuminate\Foundation\Console\Kernel->handle(Object(Symfony\Component\Console\Input\ArgvInput), Object(Symfony\Component\Console\Output\ConsoleOutput))
#19 {main}  
[2016-08-23 06:17:44] local.ERROR: exception 'ReflectionException' with message 'Class BearAppSeeder does not exist' in F:\xampp-installation\htdocs\beer\vendor\laravel\framework\src\Illuminate\Container\Container.php:734
Stack trace:
#0 F:\xampp-installation\htdocs\beer\vendor\laravel\framework\src\Illuminate\Container\Container.php(734): ReflectionClass->__construct('BearAppSeeder')
#1 F:\xampp-installation\htdocs\beer\vendor\laravel\framework\src\Illuminate\Container\Container.php(629): Illuminate\Container\Container->build('BearAppSeeder', Array)
#2 F:\xampp-installation\htdocs\beer\vendor\laravel\framework\src\Illuminate\Foundation\Application.php(697): Illuminate\Container\Container->make('BearAppSeeder', Array)
#3 F:\xampp-installation\htdocs\beer\vendor\laravel\framework\src\Illuminate\Database\Seeder.php(55): Illuminate\Foundation\Application->make('BearAppSeeder')
#4 F:\xampp-installation\htdocs\beer\vendor\laravel\framework\src\Illuminate\Database\Seeder.php(39): Illuminate\Database\Seeder->resolve('BearAppSeeder')
#5 F:\xampp-installation\htdocs\beer\database\seeds\DatabaseSeeder.php(16): Illuminate\Database\Seeder->call('BearAppSeeder')
#6 F:\xampp-installation\htdocs\beer\vendor\laravel\framework\src\Illuminate\Database\Console\Seeds\SeedCommand.php(63): DatabaseSeeder->run()
#7 F:\xampp-installation\htdocs\beer\vendor\laravel\framework\src\Illuminate\Database\Eloquent\Model.php(2312): Illuminate\Database\Console\Seeds\SeedCommand->Illuminate\Database\Console\Seeds\{closure}()
#8 F:\xampp-installation\htdocs\beer\vendor\laravel\framework\src\Illuminate\Database\Console\Seeds\SeedCommand.php(64): Illuminate\Database\Eloquent\Model::unguarded(Object(Closure))
#9 [internal function]: Illuminate\Database\Console\Seeds\SeedCommand->fire()
#10 F:\xampp-installation\htdocs\beer\vendor\laravel\framework\src\Illuminate\Container\Container.php(507): call_user_func_array(Array, Array)
#11 F:\xampp-installation\htdocs\beer\vendor\laravel\framework\src\Illuminate\Console\Command.php(169): Illuminate\Container\Container->call(Array)
#12 F:\xampp-installation\htdocs\beer\vendor\symfony\console\Command\Command.php(256): Illuminate\Console\Command->execute(Object(Symfony\Component\Console\Input\ArgvInput), Object(Symfony\Component\Console\Output\ConsoleOutput))
#13 F:\xampp-installation\htdocs\beer\vendor\laravel\framework\src\Illuminate\Console\Command.php(155): Symfony\Component\Console\Command\Command->run(Object(Symfony\Component\Console\Input\ArgvInput), Object(Symfony\Component\Console\Output\ConsoleOutput))
#14 F:\xampp-installation\htdocs\beer\vendor\symfony\console\Application.php(794): Illuminate\Console\Command->run(Object(Symfony\Component\Console\Input\ArgvInput), Object(Symfony\Component\Console\Output\ConsoleOutput))
#15 F:\xampp-installation\htdocs\beer\vendor\symfony\console\Application.php(186): Symfony\Component\Console\Application->doRunCommand(Object(Illuminate\Database\Console\Seeds\SeedCommand), Object(Symfony\Component\Console\Input\ArgvInput), Object(Symfony\Component\Console\Output\ConsoleOutput))
#16 F:\xampp-installation\htdocs\beer\vendor\symfony\console\Application.php(117): Symfony\Component\Console\Application->doRun(Object(Symfony\Component\Console\Input\ArgvInput), Object(Symfony\Component\Console\Output\ConsoleOutput))
#17 F:\xampp-installation\htdocs\beer\vendor\laravel\framework\src\Illuminate\Foundation\Console\Kernel.php(107): Symfony\Component\Console\Application->run(Object(Symfony\Component\Console\Input\ArgvInput), Object(Symfony\Component\Console\Output\ConsoleOutput))
#18 F:\xampp-installation\htdocs\beer\artisan(36): Illuminate\Foundation\Console\Kernel->handle(Object(Symfony\Component\Console\Input\ArgvInput), Object(Symfony\Component\Console\Output\ConsoleOutput))
#19 {main}  
[2016-08-23 06:18:25] local.ERROR: exception 'Symfony\Component\Debug\Exception\FatalErrorException' with message 'Class 'Bear' not found' in F:\xampp-installation\htdocs\beer\database\seeds\DatabaseSeeder.php:43
Stack trace:
#0 {main}  
[2016-08-23 06:19:10] local.ERROR: exception 'Symfony\Component\Debug\Exception\FatalErrorException' with message 'Class 'App\models\Eloquent' not found' in F:\xampp-installation\htdocs\beer\app\models\Bear.php:3
Stack trace:
#0 {main}  
[2016-08-23 06:21:08] local.ERROR: exception 'Symfony\Component\Debug\Exception\FatalErrorException' with message 'Class 'App\models\Eloquent' not found' in F:\xampp-installation\htdocs\beer\app\models\Bear.php:4
Stack trace:
#0 {main}  
